[debug] [2026-04-01T08:18:41.851Z] ----------------------------------------------------------------------
[debug] [2026-04-01T08:18:41.853Z] Command:       /Users/ghaidaahaj/.nvm/versions/node/v22.22.0/bin/node /Users/ghaidaahaj/.nvm/versions/node/v22.22.0/bin/firebase deploy --only functions,hosting
[debug] [2026-04-01T08:18:41.853Z] CLI Version:   15.11.0
[debug] [2026-04-01T08:18:41.853Z] Platform:      darwin
[debug] [2026-04-01T08:18:41.853Z] Node Version:  v22.22.0
[debug] [2026-04-01T08:18:41.854Z] Time:          Wed Apr 01 2026 11:18:41 GMT+0300 (Israel Daylight Time)
[debug] [2026-04-01T08:18:41.854Z] ----------------------------------------------------------------------
[debug] 
[debug] [2026-04-01T08:18:42.726Z] > command requires scopes: ["email","openid","https://www.googleapis.com/auth/cloudplatformprojects.readonly","https://www.googleapis.com/auth/firebase","https://www.googleapis.com/auth/cloud-platform"]
[debug] [2026-04-01T08:18:42.727Z] > authorizing via signed-in user (wasla.projects@gmail.com)
[debug] [2026-04-01T08:18:42.727Z] [iam] checking project sparkbagrut for permissions ["cloudfunctions.functions.create","cloudfunctions.functions.delete","cloudfunctions.functions.get","cloudfunctions.functions.list","cloudfunctions.functions.update","cloudfunctions.operations.get","firebase.projects.get","firebasehosting.sites.update"]
[debug] [2026-04-01T08:18:42.727Z] Checked if tokens are valid: true, expires at: 1775034829457
[debug] [2026-04-01T08:18:42.727Z] Checked if tokens are valid: true, expires at: 1775034829457
[debug] [2026-04-01T08:18:42.728Z] >>> [apiv2][query] POST https://cloudresourcemanager.googleapis.com/v1/projects/sparkbagrut:testIamPermissions [none]
[debug] [2026-04-01T08:18:42.728Z] >>> [apiv2][(partial)header] POST https://cloudresourcemanager.googleapis.com/v1/projects/sparkbagrut:testIamPermissions  x-goog-user-project=sparkbagrut
[debug] [2026-04-01T08:18:42.728Z] >>> [apiv2][body] POST https://cloudresourcemanager.googleapis.com/v1/projects/sparkbagrut:testIamPermissions {"permissions":["cloudfunctions.functions.create","cloudfunctions.functions.delete","cloudfunctions.functions.get","cloudfunctions.functions.list","cloudfunctions.functions.update","cloudfunctions.operations.get","firebase.projects.get","firebasehosting.sites.update"]}
[debug] [2026-04-01T08:18:43.940Z] <<< [apiv2][status] POST https://cloudresourcemanager.googleapis.com/v1/projects/sparkbagrut:testIamPermissions 200
[debug] [2026-04-01T08:18:43.940Z] <<< [apiv2][body] POST https://cloudresourcemanager.googleapis.com/v1/projects/sparkbagrut:testIamPermissions {"permissions":["cloudfunctions.functions.create","cloudfunctions.functions.delete","cloudfunctions.functions.get","cloudfunctions.functions.list","cloudfunctions.functions.update","cloudfunctions.operations.get","firebase.projects.get","firebasehosting.sites.update"]}
[debug] [2026-04-01T08:18:43.940Z] Checked if tokens are valid: true, expires at: 1775034829457
[debug] [2026-04-01T08:18:43.940Z] Checked if tokens are valid: true, expires at: 1775034829457
[debug] [2026-04-01T08:18:43.940Z] >>> [apiv2][query] POST https://iam.googleapis.com/v1/projects/sparkbagrut/serviceAccounts/sparkbagrut@appspot.gserviceaccount.com:testIamPermissions [none]
[debug] [2026-04-01T08:18:43.940Z] >>> [apiv2][body] POST https://iam.googleapis.com/v1/projects/sparkbagrut/serviceAccounts/sparkbagrut@appspot.gserviceaccount.com:testIamPermissions {"permissions":["iam.serviceAccounts.actAs"]}
[debug] [2026-04-01T08:18:44.919Z] <<< [apiv2][status] POST https://iam.googleapis.com/v1/projects/sparkbagrut/serviceAccounts/sparkbagrut@appspot.gserviceaccount.com:testIamPermissions 200
[debug] [2026-04-01T08:18:44.919Z] <<< [apiv2][body] POST https://iam.googleapis.com/v1/projects/sparkbagrut/serviceAccounts/sparkbagrut@appspot.gserviceaccount.com:testIamPermissions {"permissions":["iam.serviceAccounts.actAs"]}
[debug] [2026-04-01T08:18:44.920Z] Checked if tokens are valid: true, expires at: 1775034829457
[debug] [2026-04-01T08:18:44.920Z] Checked if tokens are valid: true, expires at: 1775034829457
[debug] [2026-04-01T08:18:44.920Z] >>> [apiv2][query] GET https://firebase.googleapis.com/v1beta1/projects/sparkbagrut [none]
[debug] [2026-04-01T08:18:45.313Z] <<< [apiv2][status] GET https://firebase.googleapis.com/v1beta1/projects/sparkbagrut 200
[debug] [2026-04-01T08:18:45.314Z] <<< [apiv2][body] GET https://firebase.googleapis.com/v1beta1/projects/sparkbagrut {"projectId":"sparkbagrut","projectNumber":"847207233604","displayName":"sparkbagrut","name":"projects/sparkbagrut","resources":{"hostingSite":"sparkbagrut","realtimeDatabaseInstance":"sparkbagrut-default-rtdb","locationId":"us-central"},"state":"ACTIVE","etag":"1_4220ba39-ef3f-44f9-9340-381a09f92011"}
[info] 
[info] === Deploying to 'sparkbagrut'...
[info] 
[info] i  deploying functions, hosting 
[debug] [2026-04-01T08:18:45.320Z] Checked if tokens are valid: true, expires at: 1775034829457
[debug] [2026-04-01T08:18:45.321Z] Checked if tokens are valid: true, expires at: 1775034829457
[debug] [2026-04-01T08:18:45.321Z] >>> [apiv2][query] GET https://cloudresourcemanager.googleapis.com/v1/projects/sparkbagrut [none]
[debug] [2026-04-01T08:18:45.542Z] <<< [apiv2][status] GET https://cloudresourcemanager.googleapis.com/v1/projects/sparkbagrut 200
[debug] [2026-04-01T08:18:45.543Z] <<< [apiv2][body] GET https://cloudresourcemanager.googleapis.com/v1/projects/sparkbagrut {"projectNumber":"847207233604","projectId":"sparkbagrut","lifecycleState":"ACTIVE","name":"sparkbagrut","labels":{"firebase":"enabled"},"createTime":"2023-03-16T21:29:12.672716Z"}
[info] i  functions: preparing codebase default for deployment 
[info] i  functions: ensuring required API cloudfunctions.googleapis.com is enabled... 
[info] i  functions: ensuring required API cloudbuild.googleapis.com is enabled... 
[info] i  artifactregistry: ensuring required API artifactregistry.googleapis.com is enabled... 
[debug] [2026-04-01T08:18:45.546Z] Checked if tokens are valid: true, expires at: 1775034829457
[debug] [2026-04-01T08:18:45.546Z] Checked if tokens are valid: true, expires at: 1775034829457
[debug] [2026-04-01T08:18:45.547Z] >>> [apiv2][query] GET https://firebase.googleapis.com/v1beta1/projects/sparkbagrut/adminSdkConfig [none]
[debug] [2026-04-01T08:18:46.287Z] <<< [apiv2][status] GET https://firebase.googleapis.com/v1beta1/projects/sparkbagrut/adminSdkConfig 200
[debug] [2026-04-01T08:18:46.287Z] <<< [apiv2][body] GET https://firebase.googleapis.com/v1beta1/projects/sparkbagrut/adminSdkConfig {"projectId":"sparkbagrut","databaseURL":"https://sparkbagrut-default-rtdb.europe-west1.firebasedatabase.app","storageBucket":"sparkbagrut.appspot.com","locationId":"us-central"}
[debug] [2026-04-01T08:18:46.288Z] Checked if tokens are valid: true, expires at: 1775034829457
[debug] [2026-04-01T08:18:46.288Z] Checked if tokens are valid: true, expires at: 1775034829457
[debug] [2026-04-01T08:18:46.288Z] >>> [apiv2][query] GET https://runtimeconfig.googleapis.com/v1beta1/projects/sparkbagrut/configs [none]
[debug] [2026-04-01T08:18:46.641Z] <<< [apiv2][status] GET https://runtimeconfig.googleapis.com/v1beta1/projects/sparkbagrut/configs 200
[debug] [2026-04-01T08:18:46.642Z] <<< [apiv2][body] GET https://runtimeconfig.googleapis.com/v1beta1/projects/sparkbagrut/configs {}
[debug] [2026-04-01T08:18:46.644Z] Validating nodejs source
[warn] ⚠  functions: Runtime Node.js 20 will be deprecated on 2026-04-30 and will be decommissioned on 2026-10-30, after which you will not be able to deploy without upgrading. Consider upgrading now to avoid disruption. See https://cloud.google.com/functions/docs/runtime-support for full details on the lifecycle policy 
[warn] ⚠  functions: Couldn't find firebase-functions package in your source code. Have you run 'npm install'? 
[debug] [2026-04-01T08:18:46.646Z] getFunctionsSDKVersion encountered error: Cannot find module 'firebase-functions'
Require stack:
- /Users/ghaidaahaj/.nvm/versions/node/v22.22.0/lib/node_modules/firebase-tools/lib/deploy/functions/runtimes/node/versioning.js
- /Users/ghaidaahaj/.nvm/versions/node/v22.22.0/lib/node_modules/firebase-tools/lib/deploy/functions/runtimes/node/index.js
- /Users/ghaidaahaj/.nvm/versions/node/v22.22.0/lib/node_modules/firebase-tools/lib/deploy/functions/runtimes/index.js
- /Users/ghaidaahaj/.nvm/versions/node/v22.22.0/lib/node_modules/firebase-tools/lib/deploy/functions/prepare.js
- /Users/ghaidaahaj/.nvm/versions/node/v22.22.0/lib/node_modules/firebase-tools/lib/emulator/functionsEmulatorShared.js
- /Users/ghaidaahaj/.nvm/versions/node/v22.22.0/lib/node_modules/firebase-tools/lib/frameworks/index.js
- /Users/ghaidaahaj/.nvm/versions/node/v22.22.0/lib/node_modules/firebase-tools/lib/deploy/hosting/prepare.js
- /Users/ghaidaahaj/.nvm/versions/node/v22.22.0/lib/node_modules/firebase-tools/lib/deploy/hosting/index.js
- /Users/ghaidaahaj/.nvm/versions/node/v22.22.0/lib/node_modules/firebase-tools/lib/deploy/index.js
- /Users/ghaidaahaj/.nvm/versions/node/v22.22.0/lib/node_modules/firebase-tools/lib/commands/deploy.js
- /Users/ghaidaahaj/.nvm/versions/node/v22.22.0/lib/node_modules/firebase-tools/lib/commands/index.js
- /Users/ghaidaahaj/.nvm/versions/node/v22.22.0/lib/node_modules/firebase-tools/lib/index.js
- /Users/ghaidaahaj/.nvm/versions/node/v22.22.0/lib/node_modules/firebase-tools/lib/bin/cli.js
- /Users/ghaidaahaj/.nvm/versions/node/v22.22.0/lib/node_modules/firebase-tools/lib/bin/firebase.js {"code":"MODULE_NOT_FOUND","requireStack":["/Users/ghaidaahaj/.nvm/versions/node/v22.22.0/lib/node_modules/firebase-tools/lib/deploy/functions/runtimes/node/versioning.js","/Users/ghaidaahaj/.nvm/versions/node/v22.22.0/lib/node_modules/firebase-tools/lib/deploy/functions/runtimes/node/index.js","/Users/ghaidaahaj/.nvm/versions/node/v22.22.0/lib/node_modules/firebase-tools/lib/deploy/functions/runtimes/index.js","/Users/ghaidaahaj/.nvm/versions/node/v22.22.0/lib/node_modules/firebase-tools/lib/deploy/functions/prepare.js","/Users/ghaidaahaj/.nvm/versions/node/v22.22.0/lib/node_modules/firebase-tools/lib/emulator/functionsEmulatorShared.js","/Users/ghaidaahaj/.nvm/versions/node/v22.22.0/lib/node_modules/firebase-tools/lib/frameworks/index.js","/Users/ghaidaahaj/.nvm/versions/node/v22.22.0/lib/node_modules/firebase-tools/lib/deploy/hosting/prepare.js","/Users/ghaidaahaj/.nvm/versions/node/v22.22.0/lib/node_modules/firebase-tools/lib/deploy/hosting/index.js","/Users/ghaidaahaj/.nvm/versions/node/v22.22.0/lib/node_modules/firebase-tools/lib/deploy/index.js","/Users/ghaidaahaj/.nvm/versions/node/v22.22.0/lib/node_modules/firebase-tools/lib/commands/deploy.js","/Users/ghaidaahaj/.nvm/versions/node/v22.22.0/lib/node_modules/firebase-tools/lib/commands/index.js","/Users/ghaidaahaj/.nvm/versions/node/v22.22.0/lib/node_modules/firebase-tools/lib/index.js","/Users/ghaidaahaj/.nvm/versions/node/v22.22.0/lib/node_modules/firebase-tools/lib/bin/cli.js","/Users/ghaidaahaj/.nvm/versions/node/v22.22.0/lib/node_modules/firebase-tools/lib/bin/firebase.js"]}
[debug] [2026-04-01T08:18:46.648Z] checkFunctionsSDKVersion encountered error: Invalid Version:  {}
[debug] [2026-04-01T08:18:46.649Z] > [functions] package.json contents: {
  "name": "functions",
  "description": "Cloud Functions for Firebase",
  "scripts": {
    "lint": "eslint .",
    "serve": "firebase emulators:start --only functions",
    "shell": "firebase functions:shell",
    "start": "npm run shell",
    "deploy": "firebase deploy --only functions",
    "logs": "firebase functions:log"
  },
  "engines": {
    "node": "20"
  },
  "main": "index.js",
  "dependencies": {
    "firebase-admin": "^12.6.0",
    "firebase-functions": "^6.0.1"
  },
  "devDependencies": {
    "eslint": "^8.15.0",
    "eslint-config-google": "^0.14.0",
    "firebase-functions-test": "^3.1.0"
  },
  "private": true
}
[debug] [2026-04-01T08:18:46.649Z] Building nodejs source
[info] i  functions: Loading and analyzing source code for codebase default to determine what to deploy 
[debug] [2026-04-01T08:18:46.649Z] Could not parse firebase-functions version '' into semver.
[debug] [2026-04-01T08:18:46.650Z] Could not find functions.yaml. Must use http discovery
[debug] [2026-04-01T08:18:46.858Z] Error: Cannot find module 'firebase-functions'
Require stack:
- /Users/ghaidaahaj/.nvm/versions/node/v22.22.0/lib/node_modules/firebase-tools/lib/deploy/functions/runtimes/node/index.js
- /Users/ghaidaahaj/.nvm/versions/node/v22.22.0/lib/node_modules/firebase-tools/lib/deploy/functions/runtimes/index.js
- /Users/ghaidaahaj/.nvm/versions/node/v22.22.0/lib/node_modules/firebase-tools/lib/deploy/functions/prepare.js
- /Users/ghaidaahaj/.nvm/versions/node/v22.22.0/lib/node_modules/firebase-tools/lib/emulator/functionsEmulatorShared.js
- /Users/ghaidaahaj/.nvm/versions/node/v22.22.0/lib/node_modules/firebase-tools/lib/frameworks/index.js
- /Users/ghaidaahaj/.nvm/versions/node/v22.22.0/lib/node_modules/firebase-tools/lib/deploy/hosting/prepare.js
- /Users/ghaidaahaj/.nvm/versions/node/v22.22.0/lib/node_modules/firebase-tools/lib/deploy/hosting/index.js
- /Users/ghaidaahaj/.nvm/versions/node/v22.22.0/lib/node_modules/firebase-tools/lib/deploy/index.js
- /Users/ghaidaahaj/.nvm/versions/node/v22.22.0/lib/node_modules/firebase-tools/lib/commands/deploy.js
- /Users/ghaidaahaj/.nvm/versions/node/v22.22.0/lib/node_modules/firebase-tools/lib/commands/index.js
- /Users/ghaidaahaj/.nvm/versions/node/v22.22.0/lib/node_modules/firebase-tools/lib/index.js
- /Users/ghaidaahaj/.nvm/versions/node/v22.22.0/lib/node_modules/firebase-tools/lib/bin/cli.js
- /Users/ghaidaahaj/.nvm/versions/node/v22.22.0/lib/node_modules/firebase-tools/lib/bin/firebase.js
    at Function._resolveFilename (node:internal/modules/cjs/loader:1383:15)
    at Function.resolve (node:internal/modules/helpers:157:19)
    at Delegate.findFunctionsBinary (/Users/ghaidaahaj/.nvm/versions/node/v22.22.0/lib/node_modules/firebase-tools/lib/deploy/functions/runtimes/node/index.js:101:33)
    at Delegate.spawnFunctionsProcess (/Users/ghaidaahaj/.nvm/versions/node/v22.22.0/lib/node_modules/firebase-tools/lib/deploy/functions/runtimes/node/index.js:131:30)
    at Delegate.serveAdmin (/Users/ghaidaahaj/.nvm/versions/node/v22.22.0/lib/node_modules/firebase-tools/lib/deploy/functions/runtimes/node/index.js:152:35)
    at Delegate.discoverBuild (/Users/ghaidaahaj/.nvm/versions/node/v22.22.0/lib/node_modules/firebase-tools/lib/deploy/functions/runtimes/node/index.js:192:41)
    at process.processTicksAndRejections (node:internal/process/task_queues:105:5)
    at async loadCodebases (/Users/ghaidaahaj/.nvm/versions/node/v22.22.0/lib/node_modules/firebase-tools/lib/deploy/functions/prepare.js:334:33)
    at async prepare (/Users/ghaidaahaj/.nvm/versions/node/v22.22.0/lib/node_modules/firebase-tools/lib/deploy/functions/prepare.js:69:24)
    at async chain (/Users/ghaidaahaj/.nvm/versions/node/v22.22.0/lib/node_modules/firebase-tools/lib/deploy/index.js:45:9)
[error] 
[error] Error: An unexpected error has occurred.
